android/app/build/intermediates/manifest_merge_blame_file/debug/manifest-merger-blame-debug-report.txt
1<?xml version="1.0" encoding="utf-8"?>
2<manifest xmlns:android="http://schemas.android.com/apk/res/android"
3    package="com.cini_intro"
4    android:versionCode="1"
5    android:versionName="1.0" >
6
7    <uses-sdk
8        android:minSdkVersion="21"
9        android:targetSdkVersion="29" />
10
11    <uses-permission android:name="android.permission.SYSTEM_ALERT_WINDOW" />
11-->src/debug/AndroidManifest.xml:5:5-77
11-->src/debug/AndroidManifest.xml:5:22-75
12    <uses-permission android:name="android.permission.INTERNET" />
12-->src/main/AndroidManifest.xml:4:5-67
12-->src/main/AndroidManifest.xml:4:22-64
13    <uses-permission android:name="android.permission.CAMERA" />
13-->src/main/AndroidManifest.xml:5:5-64
13-->src/main/AndroidManifest.xml:5:22-62
14
15    <uses-feature
15-->src/main/AndroidManifest.xml:6:5-85
16        android:name="android.hardware.camera"
16-->src/main/AndroidManifest.xml:6:19-57
17        android:required="false" />
17-->src/main/AndroidManifest.xml:6:58-82
18    <uses-feature
18-->src/main/AndroidManifest.xml:7:1-87
19        android:name="android.hardware.camera.front"
19-->src/main/AndroidManifest.xml:7:15-59
20        android:required="false" />
20-->src/main/AndroidManifest.xml:7:60-84
21
22    <uses-permission android:name="android.permission.ACCESS_WIFI_STATE" />
22-->[com.facebook.flipper:flipper:0.75.1] AndroidManifest.xml:16:5-76
22-->[com.facebook.flipper:flipper:0.75.1] AndroidManifest.xml:16:22-73
23    <uses-permission android:name="android.permission.WAKE_LOCK" />
23-->[:react-native-firebase_auth] AndroidManifest.xml:12:5-68
23-->[:react-native-firebase_auth] AndroidManifest.xml:12:22-65
24    <uses-permission android:name="android.permission.ACCESS_NETWORK_STATE" />
24-->[:react-native-firebase_auth] AndroidManifest.xml:13:5-79
24-->[:react-native-firebase_auth] AndroidManifest.xml:13:22-76
25
26    <queries>
26-->[:react-native-image-crop-picker] AndroidManifest.xml:10:5-14:15
27        <intent>
27-->[:react-native-image-crop-picker] AndroidManifest.xml:11:9-13:18
28            <action android:name="android.media.action.IMAGE_CAPTURE" />
28-->[:react-native-image-crop-picker] AndroidManifest.xml:12:13-73
28-->[:react-native-image-crop-picker] AndroidManifest.xml:12:21-70
29        </intent>
30    </queries>
31
32    <uses-permission android:name="android.permission.WRITE_EXTERNAL_STORAGE" />
32-->[:react-native-image-crop-picker] AndroidManifest.xml:16:5-81
32-->[:react-native-image-crop-picker] AndroidManifest.xml:16:22-78
33    <uses-permission android:name="com.google.android.finsky.permission.BIND_GET_INSTALL_REFERRER_SERVICE" />
33-->[com.google.android.gms:play-services-measurement:18.0.2] AndroidManifest.xml:26:5-110
33-->[com.google.android.gms:play-services-measurement:18.0.2] AndroidManifest.xml:26:22-107
34
35    <application
35-->src/main/AndroidManifest.xml:8:5-37:19
36        android:name="com.cini_intro.MainApplication"
36-->src/main/AndroidManifest.xml:9:7-38
37        android:allowBackup="false"
37-->src/main/AndroidManifest.xml:13:7-34
38        android:appComponentFactory="androidx.core.app.CoreComponentFactory"
38-->[androidx.core:core:1.1.0] AndroidManifest.xml:24:18-86
39        android:debuggable="true"
40        android:icon="@mipmap/ic_launcher"
40-->src/main/AndroidManifest.xml:11:7-41
41        android:label="@string/app_name"
41-->src/main/AndroidManifest.xml:10:7-39
42        android:roundIcon="@mipmap/ic_launcher_round"
42-->src/main/AndroidManifest.xml:12:7-52
43        android:supportsRtl="true"
43-->[com.facebook.android:facebook-android-sdk:5.15.3] AndroidManifest.xml:28:18-44
44        android:theme="@style/AppTheme"
44-->src/main/AndroidManifest.xml:14:7-38
45        android:usesCleartextTraffic="true" >
45-->src/debug/AndroidManifest.xml:8:9-44
46        <activity android:name="com.facebook.react.devsupport.DevSettingsActivity" />
46-->src/debug/AndroidManifest.xml:11:9-86
46-->src/debug/AndroidManifest.xml:11:19-83
47        <activity
47-->src/main/AndroidManifest.xml:15:7-36:18
48            android:name="com.cini_intro.MainActivity"
48-->src/main/AndroidManifest.xml:16:9-37
49            android:configChanges="keyboard|keyboardHidden|orientation|screenSize|uiMode"
49-->src/main/AndroidManifest.xml:18:9-86
50            android:label="@string/app_name"
50-->src/main/AndroidManifest.xml:17:9-41
51            android:launchMode="singleTask"
51-->src/main/AndroidManifest.xml:19:9-40
52            android:windowSoftInputMode="adjustResize" >
52-->src/main/AndroidManifest.xml:20:9-51
53            <intent-filter>
53-->src/main/AndroidManifest.xml:21:9-24:25
54                <action android:name="android.intent.action.MAIN" />
54-->src/main/AndroidManifest.xml:22:13-65
54-->src/main/AndroidManifest.xml:22:21-62
55
56                <category android:name="android.intent.category.LAUNCHER" />
56-->src/main/AndroidManifest.xml:23:13-73
56-->src/main/AndroidManifest.xml:23:23-70
57            </intent-filter>
58            <intent-filter>
58-->src/main/AndroidManifest.xml:25:9-35:23
59                <action android:name="android.intent.action.VIEW" />
59-->src/main/AndroidManifest.xml:26:9-60
59-->src/main/AndroidManifest.xml:26:17-58
60
61                <category android:name="android.intent.category.DEFAULT" />
61-->src/main/AndroidManifest.xml:27:9-67
61-->src/main/AndroidManifest.xml:27:19-65
62                <category android:name="android.intent.category.BROWSABLE" />
62-->src/main/AndroidManifest.xml:28:9-69
62-->src/main/AndroidManifest.xml:28:19-67
63                <!-- <data android:scheme="https" android:host="mydeeplink1.page.link/ResetPwd"/> -->
64                <!-- <data android:scheme="http" android:host="mydeeplink1.page.link/ResetPwd"/> -->
65                <!--
66        <data android:scheme="https" android:host="api.bbprojectstaging.in"/>
67        <data android:scheme="http" android:port="8000" android:host="18.223.235.147"/>
68        <data android:scheme="http" android:host="139.59.37.241"/>
69                -->
70                <data android:scheme="myapp" />
70-->src/main/AndroidManifest.xml:34:8-38
70-->src/main/AndroidManifest.xml:34:14-36
71            </intent-filter>
72        </activity> <!-- Disable crashlytics by default so we can custom init with CrashlyticsNdk support -->
73        <meta-data
73-->[:react-native-firebase_crashlytics] AndroidManifest.xml:14:9-16:37
74            android:name="firebase_crashlytics_collection_enabled"
74-->[:react-native-firebase_crashlytics] AndroidManifest.xml:15:13-67
75            android:value="false" />
75-->[:react-native-firebase_crashlytics] AndroidManifest.xml:16:13-34
76
77        <provider
77-->[:react-native-firebase_crashlytics] AndroidManifest.xml:18:9-22:38
78            android:name="io.invertase.firebase.crashlytics.ReactNativeFirebaseCrashlyticsInitProvider"
78-->[:react-native-firebase_crashlytics] AndroidManifest.xml:19:13-104
79            android:authorities="com.cini_intro.reactnativefirebasecrashlyticsinitprovider"
79-->[:react-native-firebase_crashlytics] AndroidManifest.xml:20:13-94
80            android:exported="false"
80-->[:react-native-firebase_crashlytics] AndroidManifest.xml:21:13-37
81            android:initOrder="98" />
81-->[:react-native-firebase_crashlytics] AndroidManifest.xml:22:13-35
82        <provider
82-->[:react-native-image-crop-picker] AndroidManifest.xml:19:9-27:20
83            android:name="androidx.core.content.FileProvider"
83-->[:react-native-image-crop-picker] AndroidManifest.xml:20:13-62
84            android:authorities="com.cini_intro.provider"
84-->[:react-native-image-crop-picker] AndroidManifest.xml:21:13-60
85            android:exported="false"
85-->[:react-native-image-crop-picker] AndroidManifest.xml:22:13-37
86            android:grantUriPermissions="true" >
86-->[:react-native-image-crop-picker] AndroidManifest.xml:23:13-47
87            <meta-data
87-->[:react-native-image-crop-picker] AndroidManifest.xml:24:13-26:58
88                android:name="android.support.FILE_PROVIDER_PATHS"
88-->[:react-native-image-crop-picker] AndroidManifest.xml:25:17-67
89                android:resource="@xml/provider_paths" />
89-->[:react-native-image-crop-picker] AndroidManifest.xml:26:17-55
90        </provider>
91
92        <activity
92-->[:react-native-image-crop-picker] AndroidManifest.xml:29:9-31:72
93            android:name="com.yalantis.ucrop.UCropActivity"
93-->[:react-native-image-crop-picker] AndroidManifest.xml:30:13-60
94            android:theme="@style/Theme.AppCompat.Light.NoActionBar" />
94-->[:react-native-image-crop-picker] AndroidManifest.xml:31:13-69
95
96        <provider
96-->[com.crashlytics.sdk.android:crashlytics:2.9.5] AndroidManifest.xml:12:9-16:38
97            android:name="com.crashlytics.android.CrashlyticsInitProvider"
97-->[com.crashlytics.sdk.android:crashlytics:2.9.5] AndroidManifest.xml:13:13-75
98            android:authorities="com.cini_intro.crashlyticsinitprovider"
98-->[com.crashlytics.sdk.android:crashlytics:2.9.5] AndroidManifest.xml:14:13-75
99            android:exported="false"
99-->[com.crashlytics.sdk.android:crashlytics:2.9.5] AndroidManifest.xml:15:13-37
100            android:initOrder="90" />
100-->[com.crashlytics.sdk.android:crashlytics:2.9.5] AndroidManifest.xml:16:13-35
101
102        <service
102-->[com.google.firebase:firebase-dynamic-links:19.1.1] AndroidManifest.xml:8:9-14:19
103            android:name="com.google.firebase.components.ComponentDiscoveryService"
103-->[com.google.firebase:firebase-dynamic-links:19.1.1] AndroidManifest.xml:9:13-84
104            android:directBootAware="true"
104-->[com.google.firebase:firebase-common:19.5.0] AndroidManifest.xml:35:13-43
105            android:exported="false" >
105-->[com.google.firebase:firebase-dynamic-links:19.1.1] AndroidManifest.xml:10:13-37
106            <meta-data
106-->[com.google.firebase:firebase-dynamic-links:19.1.1] AndroidManifest.xml:11:13-13:85
107                android:name="com.google.firebase.components:com.google.firebase.dynamiclinks.internal.FirebaseDynamicLinkRegistrar"
107-->[com.google.firebase:firebase-dynamic-links:19.1.1] AndroidManifest.xml:12:17-133
108                android:value="com.google.firebase.components.ComponentRegistrar" />
108-->[com.google.firebase:firebase-dynamic-links:19.1.1] AndroidManifest.xml:13:17-82
109            <meta-data
109-->[com.google.firebase:firebase-crashlytics-ndk:17.4.1] AndroidManifest.xml:35:13-37:85
110                android:name="com.google.firebase.components:com.google.firebase.crashlytics.ndk.CrashlyticsNdkRegistrar"
110-->[com.google.firebase:firebase-crashlytics-ndk:17.4.1] AndroidManifest.xml:36:17-122
111                android:value="com.google.firebase.components.ComponentRegistrar" />
111-->[com.google.firebase:firebase-crashlytics-ndk:17.4.1] AndroidManifest.xml:37:17-82
112            <meta-data
112-->[com.google.firebase:firebase-crashlytics:17.4.1] AndroidManifest.xml:18:13-20:85
113                android:name="com.google.firebase.components:com.google.firebase.crashlytics.CrashlyticsRegistrar"
113-->[com.google.firebase:firebase-crashlytics:17.4.1] AndroidManifest.xml:19:17-115
114                android:value="com.google.firebase.components.ComponentRegistrar" />
114-->[com.google.firebase:firebase-crashlytics:17.4.1] AndroidManifest.xml:20:17-82
115            <meta-data
115-->[com.google.firebase:firebase-auth:20.0.3] AndroidManifest.xml:77:13-79:85
116                android:name="com.google.firebase.components:com.google.firebase.auth.FirebaseAuthRegistrar"
116-->[com.google.firebase:firebase-auth:20.0.3] AndroidManifest.xml:78:17-109
117                android:value="com.google.firebase.components.ComponentRegistrar" />
117-->[com.google.firebase:firebase-auth:20.0.3] AndroidManifest.xml:79:17-82
118            <meta-data
118-->[com.google.android.gms:play-services-measurement-api:18.0.2] AndroidManifest.xml:30:13-32:85
119                android:name="com.google.firebase.components:com.google.firebase.analytics.connector.internal.AnalyticsConnectorRegistrar"
119-->[com.google.android.gms:play-services-measurement-api:18.0.2] AndroidManifest.xml:31:17-139
120                android:value="com.google.firebase.components.ComponentRegistrar" />
120-->[com.google.android.gms:play-services-measurement-api:18.0.2] AndroidManifest.xml:32:17-82
121            <meta-data
121-->[com.google.firebase:firebase-installations:16.3.5] AndroidManifest.xml:18:13-20:85
122                android:name="com.google.firebase.components:com.google.firebase.installations.FirebaseInstallationsRegistrar"
122-->[com.google.firebase:firebase-installations:16.3.5] AndroidManifest.xml:19:17-127
123                android:value="com.google.firebase.components.ComponentRegistrar" />
123-->[com.google.firebase:firebase-installations:16.3.5] AndroidManifest.xml:20:17-82
124            <!--
125                This registrar is not defined in the dynamic-module-support sdk itself to allow non-firebase
126                clients to use it as well, by defining this registrar in their own core/common library.
127            -->
128            <meta-data
128-->[com.google.firebase:firebase-common:19.5.0] AndroidManifest.xml:43:13-45:85
129                android:name="com.google.firebase.components:com.google.firebase.dynamicloading.DynamicLoadingRegistrar"
129-->[com.google.firebase:firebase-common:19.5.0] AndroidManifest.xml:44:17-121
130                android:value="com.google.firebase.components.ComponentRegistrar" />
130-->[com.google.firebase:firebase-common:19.5.0] AndroidManifest.xml:45:17-82
131        </service>
132
133        <activity
133-->[com.facebook.android:facebook-common:5.15.3] AndroidManifest.xml:30:9-33:66
134            android:name="com.facebook.FacebookActivity"
134-->[com.facebook.android:facebook-common:5.15.3] AndroidManifest.xml:31:13-57
135            android:configChanges="keyboard|keyboardHidden|screenLayout|screenSize|orientation"
135-->[com.facebook.android:facebook-common:5.15.3] AndroidManifest.xml:32:13-96
136            android:theme="@style/com_facebook_activity_theme" />
136-->[com.facebook.android:facebook-common:5.15.3] AndroidManifest.xml:33:13-63
137        <activity android:name="com.facebook.CustomTabMainActivity" />
137-->[com.facebook.android:facebook-common:5.15.3] AndroidManifest.xml:34:9-71
137-->[com.facebook.android:facebook-common:5.15.3] AndroidManifest.xml:34:19-68
138        <activity
138-->[com.facebook.android:facebook-common:5.15.3] AndroidManifest.xml:35:9-49:20
139            android:name="com.facebook.CustomTabActivity"
139-->[com.facebook.android:facebook-common:5.15.3] AndroidManifest.xml:36:13-58
140            android:exported="true" >
140-->[com.facebook.android:facebook-common:5.15.3] AndroidManifest.xml:37:13-36
141            <intent-filter>
141-->[com.facebook.android:facebook-common:5.15.3] AndroidManifest.xml:39:13-48:29
142                <action android:name="android.intent.action.VIEW" />
142-->src/main/AndroidManifest.xml:26:9-60
142-->src/main/AndroidManifest.xml:26:17-58
143
144                <category android:name="android.intent.category.DEFAULT" />
144-->src/main/AndroidManifest.xml:27:9-67
144-->src/main/AndroidManifest.xml:27:19-65
145                <category android:name="android.intent.category.BROWSABLE" />
145-->src/main/AndroidManifest.xml:28:9-69
145-->src/main/AndroidManifest.xml:28:19-67
146
147                <data
147-->src/main/AndroidManifest.xml:34:8-38
148                    android:host="cct.com.cini_intro"
149                    android:scheme="fbconnect" />
149-->src/main/AndroidManifest.xml:34:14-36
150            </intent-filter>
151        </activity>
152        <!--
153         The initialization ContentProvider will call FacebookSdk.sdkInitialize automatically
154         with the application context. This config is merged in with the host app's manifest,
155         but there can only be one provider with the same authority activated at any given
156         point; so if the end user has two or more different apps that use Facebook SDK, only the
157         first one will be able to use the provider. To work around this problem, we use the
158         following placeholder in the authority to identify each host application as if it was
159         a completely different provider.
160        -->
161        <provider
161-->[com.facebook.android:facebook-core:5.15.3] AndroidManifest.xml:39:9-42:40
162            android:name="com.facebook.internal.FacebookInitProvider"
162-->[com.facebook.android:facebook-core:5.15.3] AndroidManifest.xml:40:13-70
163            android:authorities="com.cini_intro.FacebookInitProvider"
163-->[com.facebook.android:facebook-core:5.15.3] AndroidManifest.xml:41:13-72
164            android:exported="false" />
164-->[com.facebook.android:facebook-core:5.15.3] AndroidManifest.xml:42:13-37
165
166        <receiver
166-->[com.facebook.android:facebook-core:5.15.3] AndroidManifest.xml:44:9-50:20
167            android:name="com.facebook.CurrentAccessTokenExpirationBroadcastReceiver"
167-->[com.facebook.android:facebook-core:5.15.3] AndroidManifest.xml:45:13-86
168            android:exported="false" >
168-->[com.facebook.android:facebook-core:5.15.3] AndroidManifest.xml:46:13-37
169            <intent-filter>
169-->[com.facebook.android:facebook-core:5.15.3] AndroidManifest.xml:47:13-49:29
170                <action android:name="com.facebook.sdk.ACTION_CURRENT_ACCESS_TOKEN_CHANGED" />
170-->[com.facebook.android:facebook-core:5.15.3] AndroidManifest.xml:48:17-95
170-->[com.facebook.android:facebook-core:5.15.3] AndroidManifest.xml:48:25-92
171            </intent-filter>
172        </receiver>
173
174        <service
174-->[com.google.android.datatransport:transport-backend-cct:2.3.3] AndroidManifest.xml:29:9-35:19
175            android:name="com.google.android.datatransport.runtime.backends.TransportBackendDiscovery"
175-->[com.google.android.datatransport:transport-backend-cct:2.3.3] AndroidManifest.xml:30:13-103
176            android:exported="false" >
176-->[com.google.android.datatransport:transport-backend-cct:2.3.3] AndroidManifest.xml:31:13-37
177            <meta-data
177-->[com.google.android.datatransport:transport-backend-cct:2.3.3] AndroidManifest.xml:32:13-34:39
178                android:name="backend:com.google.android.datatransport.cct.CctBackendFactory"
178-->[com.google.android.datatransport:transport-backend-cct:2.3.3] AndroidManifest.xml:33:17-94
179                android:value="cct" />
179-->[com.google.android.datatransport:transport-backend-cct:2.3.3] AndroidManifest.xml:34:17-36
180        </service>
181        <service
181-->[com.google.android.datatransport:transport-runtime:2.2.6] AndroidManifest.xml:26:9-30:19
182            android:name="com.google.android.datatransport.runtime.scheduling.jobscheduling.JobInfoSchedulerService"
182-->[com.google.android.datatransport:transport-runtime:2.2.6] AndroidManifest.xml:27:13-117
183            android:exported="false"
183-->[com.google.android.datatransport:transport-runtime:2.2.6] AndroidManifest.xml:28:13-37
184            android:permission="android.permission.BIND_JOB_SERVICE" >
184-->[com.google.android.datatransport:transport-runtime:2.2.6] AndroidManifest.xml:29:13-69
185        </service>
186
187        <receiver
187-->[com.google.android.datatransport:transport-runtime:2.2.6] AndroidManifest.xml:32:9-34:40
188            android:name="com.google.android.datatransport.runtime.scheduling.jobscheduling.AlarmManagerSchedulerBroadcastReceiver"
188-->[com.google.android.datatransport:transport-runtime:2.2.6] AndroidManifest.xml:33:13-132
189            android:exported="false" />
189-->[com.google.android.datatransport:transport-runtime:2.2.6] AndroidManifest.xml:34:13-37
190
191        <activity
191-->[com.google.android.gms:play-services-auth:19.0.0] AndroidManifest.xml:23:9-27:75
192            android:name="com.google.android.gms.auth.api.signin.internal.SignInHubActivity"
192-->[com.google.android.gms:play-services-auth:19.0.0] AndroidManifest.xml:24:13-93
193            android:excludeFromRecents="true"
193-->[com.google.android.gms:play-services-auth:19.0.0] AndroidManifest.xml:25:13-46
194            android:exported="false"
194-->[com.google.android.gms:play-services-auth:19.0.0] AndroidManifest.xml:26:13-37
195            android:theme="@android:style/Theme.Translucent.NoTitleBar" />
195-->[com.google.android.gms:play-services-auth:19.0.0] AndroidManifest.xml:27:13-72
196        <!--
197            Service handling Google Sign-In user revocation. For apps that do not integrate with
198            Google Sign-In, this service will never be started.
199        -->
200        <service
200-->[com.google.android.gms:play-services-auth:19.0.0] AndroidManifest.xml:33:9-37:51
201            android:name="com.google.android.gms.auth.api.signin.RevocationBoundService"
201-->[com.google.android.gms:play-services-auth:19.0.0] AndroidManifest.xml:34:13-89
202            android:exported="true"
202-->[com.google.android.gms:play-services-auth:19.0.0] AndroidManifest.xml:35:13-36
203            android:permission="com.google.android.gms.auth.api.signin.permission.REVOCATION_NOTIFICATION"
203-->[com.google.android.gms:play-services-auth:19.0.0] AndroidManifest.xml:36:13-107
204            android:visibleToInstantApps="true" />
204-->[com.google.android.gms:play-services-auth:19.0.0] AndroidManifest.xml:37:13-48
205
206        <activity
206-->[com.google.firebase:firebase-auth:20.0.3] AndroidManifest.xml:27:9-44:20
207            android:name="com.google.firebase.auth.internal.GenericIdpActivity"
207-->[com.google.firebase:firebase-auth:20.0.3] AndroidManifest.xml:28:13-80
208            android:excludeFromRecents="true"
208-->[com.google.firebase:firebase-auth:20.0.3] AndroidManifest.xml:29:13-46
209            android:exported="true"
209-->[com.google.firebase:firebase-auth:20.0.3] AndroidManifest.xml:30:13-36
210            android:launchMode="singleTask"
210-->[com.google.firebase:firebase-auth:20.0.3] AndroidManifest.xml:31:13-44
211            android:theme="@android:style/Theme.Translucent.NoTitleBar" >
211-->[com.google.firebase:firebase-auth:20.0.3] AndroidManifest.xml:32:13-72
212            <intent-filter>
212-->[com.google.firebase:firebase-auth:20.0.3] AndroidManifest.xml:33:13-43:29
213                <action android:name="android.intent.action.VIEW" />
213-->src/main/AndroidManifest.xml:26:9-60
213-->src/main/AndroidManifest.xml:26:17-58
214
215                <category android:name="android.intent.category.DEFAULT" />
215-->src/main/AndroidManifest.xml:27:9-67
215-->src/main/AndroidManifest.xml:27:19-65
216                <category android:name="android.intent.category.BROWSABLE" />
216-->src/main/AndroidManifest.xml:28:9-69
216-->src/main/AndroidManifest.xml:28:19-67
217
218                <data
218-->src/main/AndroidManifest.xml:34:8-38
219                    android:host="firebase.auth"
220                    android:path="/"
221                    android:scheme="genericidp" />
221-->src/main/AndroidManifest.xml:34:14-36
222            </intent-filter>
223        </activity>
224        <activity
224-->[com.google.firebase:firebase-auth:20.0.3] AndroidManifest.xml:45:9-62:20
225            android:name="com.google.firebase.auth.internal.RecaptchaActivity"
225-->[com.google.firebase:firebase-auth:20.0.3] AndroidManifest.xml:46:13-79
226            android:excludeFromRecents="true"
226-->[com.google.firebase:firebase-auth:20.0.3] AndroidManifest.xml:47:13-46
227            android:exported="true"
227-->[com.google.firebase:firebase-auth:20.0.3] AndroidManifest.xml:48:13-36
228            android:launchMode="singleTask"
228-->[com.google.firebase:firebase-auth:20.0.3] AndroidManifest.xml:49:13-44
229            android:theme="@android:style/Theme.Translucent.NoTitleBar" >
229-->[com.google.firebase:firebase-auth:20.0.3] AndroidManifest.xml:50:13-72
230            <intent-filter>
230-->[com.google.firebase:firebase-auth:20.0.3] AndroidManifest.xml:51:13-61:29
231                <action android:name="android.intent.action.VIEW" />
231-->src/main/AndroidManifest.xml:26:9-60
231-->src/main/AndroidManifest.xml:26:17-58
232
233                <category android:name="android.intent.category.DEFAULT" />
233-->src/main/AndroidManifest.xml:27:9-67
233-->src/main/AndroidManifest.xml:27:19-65
234                <category android:name="android.intent.category.BROWSABLE" />
234-->src/main/AndroidManifest.xml:28:9-69
234-->src/main/AndroidManifest.xml:28:19-67
235
236                <data
236-->src/main/AndroidManifest.xml:34:8-38
237                    android:host="firebase.auth"
238                    android:path="/"
239                    android:scheme="recaptcha" />
239-->src/main/AndroidManifest.xml:34:14-36
240            </intent-filter>
241        </activity>
242
243        <service
243-->[com.google.firebase:firebase-auth:20.0.3] AndroidManifest.xml:64:9-73:19
244            android:name="com.google.firebase.auth.api.fallback.service.FirebaseAuthFallbackService"
244-->[com.google.firebase:firebase-auth:20.0.3] AndroidManifest.xml:65:13-101
245            android:enabled="true"
245-->[com.google.firebase:firebase-auth:20.0.3] AndroidManifest.xml:66:13-35
246            android:exported="false" >
246-->[com.google.firebase:firebase-auth:20.0.3] AndroidManifest.xml:67:13-37
247            <intent-filter>
247-->[com.google.firebase:firebase-auth:20.0.3] AndroidManifest.xml:68:13-72:29
248                <action android:name="com.google.firebase.auth.api.gms.service.START" />
248-->[com.google.firebase:firebase-auth:20.0.3] AndroidManifest.xml:69:17-89
248-->[com.google.firebase:firebase-auth:20.0.3] AndroidManifest.xml:69:25-86
249
250                <category android:name="android.intent.category.DEFAULT" />
250-->src/main/AndroidManifest.xml:27:9-67
250-->src/main/AndroidManifest.xml:27:19-65
251            </intent-filter>
252        </service>
253
254        <activity
254-->[com.google.android.gms:play-services-base:17.1.0] AndroidManifest.xml:23:9-26:75
255            android:name="com.google.android.gms.common.api.GoogleApiActivity"
255-->[com.google.android.gms:play-services-base:17.1.0] AndroidManifest.xml:24:13-79
256            android:exported="false"
256-->[com.google.android.gms:play-services-base:17.1.0] AndroidManifest.xml:25:13-37
257            android:theme="@android:style/Theme.Translucent.NoTitleBar" />
257-->[com.google.android.gms:play-services-base:17.1.0] AndroidManifest.xml:26:13-72
258
259        <provider
259-->[com.google.firebase:firebase-common:19.5.0] AndroidManifest.xml:26:9-31:39
260            android:name="com.google.firebase.provider.FirebaseInitProvider"
260-->[com.google.firebase:firebase-common:19.5.0] AndroidManifest.xml:27:13-77
261            android:authorities="com.cini_intro.firebaseinitprovider"
261-->[com.google.firebase:firebase-common:19.5.0] AndroidManifest.xml:28:13-72
262            android:directBootAware="true"
262-->[com.google.firebase:firebase-common:19.5.0] AndroidManifest.xml:29:13-43
263            android:exported="false"
263-->[com.google.firebase:firebase-common:19.5.0] AndroidManifest.xml:30:13-37
264            android:initOrder="100" />
264-->[com.google.firebase:firebase-common:19.5.0] AndroidManifest.xml:31:13-36
265
266        <receiver
266-->[com.google.android.gms:play-services-measurement:18.0.2] AndroidManifest.xml:29:9-33:20
267            android:name="com.google.android.gms.measurement.AppMeasurementReceiver"
267-->[com.google.android.gms:play-services-measurement:18.0.2] AndroidManifest.xml:30:13-85
268            android:enabled="true"
268-->[com.google.android.gms:play-services-measurement:18.0.2] AndroidManifest.xml:31:13-35
269            android:exported="false" >
269-->[com.google.android.gms:play-services-measurement:18.0.2] AndroidManifest.xml:32:13-37
270        </receiver>
271
272        <service
272-->[com.google.android.gms:play-services-measurement:18.0.2] AndroidManifest.xml:35:9-38:40
273            android:name="com.google.android.gms.measurement.AppMeasurementService"
273-->[com.google.android.gms:play-services-measurement:18.0.2] AndroidManifest.xml:36:13-84
274            android:enabled="true"
274-->[com.google.android.gms:play-services-measurement:18.0.2] AndroidManifest.xml:37:13-35
275            android:exported="false" />
275-->[com.google.android.gms:play-services-measurement:18.0.2] AndroidManifest.xml:38:13-37
276        <service
276-->[com.google.android.gms:play-services-measurement:18.0.2] AndroidManifest.xml:39:9-43:72
277            android:name="com.google.android.gms.measurement.AppMeasurementJobService"
277-->[com.google.android.gms:play-services-measurement:18.0.2] AndroidManifest.xml:40:13-87
278            android:enabled="true"
278-->[com.google.android.gms:play-services-measurement:18.0.2] AndroidManifest.xml:41:13-35
279            android:exported="false"
279-->[com.google.android.gms:play-services-measurement:18.0.2] AndroidManifest.xml:42:13-37
280            android:permission="android.permission.BIND_JOB_SERVICE" />
280-->[com.google.android.gms:play-services-measurement:18.0.2] AndroidManifest.xml:43:13-69
281
282        <meta-data
282-->[com.google.android.gms:play-services-basement:17.1.1] AndroidManifest.xml:23:9-25:69
283            android:name="com.google.android.gms.version"
283-->[com.google.android.gms:play-services-basement:17.1.1] AndroidManifest.xml:24:13-58
284            android:value="@integer/google_play_services_version" />
284-->[com.google.android.gms:play-services-basement:17.1.1] AndroidManifest.xml:25:13-66
285    </application>
286
287</manifest>